<?xml version="1.0" encoding="UTF-8"?>
<!-- Generated by org.testng.reporters.JUnitXMLReporter -->
<testsuite hostname="ws-7124" ignored="0" name="Default test" tests="5" failures="0" timestamp="10 Jan 2019 09:55:29 GMT" time="102.599" errors="0">
  <testcase name="blankSearchTest" time="22.452" classname="testSuite.RestaurantSearchTest"/>
  <testcase name="restaurantSearchUsingPostCodeAndBangladeshiCuisineTest" time="17.537" classname="testSuite.RestaurantSearchTest"/>
  <testcase name="restaurantSearchUsingPostalCodeTest" time="17.36" classname="testSuite.RestaurantSearchTest"/>
  <testcase name="restaurantSearchUsingTownTest" time="20.535" classname="testSuite.RestaurantSearchTest"/>
  <testcase name="verifyRestaurantListingOnSearchResultPageTest" time="24.663" classname="testSuite.RestaurantSearchTest"/>
</testsuite> <!-- Default test -->
