<?xml version="1.0" encoding="UTF-8"?>
<testng-results skipped="0" failed="0" ignored="0" total="5" passed="5">
  <reporter-output>
  </reporter-output>
  <suite name="Default suite" duration-ms="102599" started-at="2019-01-10T09:53:47Z" finished-at="2019-01-10T09:55:29Z">
    <groups>
    </groups>
    <test name="Default test" duration-ms="102599" started-at="2019-01-10T09:53:47Z" finished-at="2019-01-10T09:55:29Z">
      <class name="testSuite.RestaurantSearchTest">
        <test-method status="PASS" signature="blankSearchTest()[pri:0, instance:testSuite.RestaurantSearchTest@6f7fd0e6]" name="blankSearchTest" duration-ms="22452" started-at="2019-01-10T09:53:47Z" finished-at="2019-01-10T09:54:09Z">
          <reporter-output>
          </reporter-output>
        </test-method> <!-- blankSearchTest -->
        <test-method status="PASS" signature="restaurantSearchUsingPostCodeAndBangladeshiCuisineTest()[pri:0, instance:testSuite.RestaurantSearchTest@6f7fd0e6]" name="restaurantSearchUsingPostCodeAndBangladeshiCuisineTest" duration-ms="17537" started-at="2019-01-10T09:54:09Z" finished-at="2019-01-10T09:54:27Z">
          <reporter-output>
          </reporter-output>
        </test-method> <!-- restaurantSearchUsingPostCodeAndBangladeshiCuisineTest -->
        <test-method status="PASS" signature="restaurantSearchUsingPostalCodeTest()[pri:0, instance:testSuite.RestaurantSearchTest@6f7fd0e6]" name="restaurantSearchUsingPostalCodeTest" duration-ms="17360" started-at="2019-01-10T09:54:27Z" finished-at="2019-01-10T09:54:44Z">
          <reporter-output>
          </reporter-output>
        </test-method> <!-- restaurantSearchUsingPostalCodeTest -->
        <test-method status="PASS" signature="restaurantSearchUsingTownTest()[pri:0, instance:testSuite.RestaurantSearchTest@6f7fd0e6]" name="restaurantSearchUsingTownTest" duration-ms="20535" started-at="2019-01-10T09:54:44Z" finished-at="2019-01-10T09:55:05Z">
          <reporter-output>
          </reporter-output>
        </test-method> <!-- restaurantSearchUsingTownTest -->
        <test-method status="PASS" signature="verifyRestaurantListingOnSearchResultPageTest()[pri:0, instance:testSuite.RestaurantSearchTest@6f7fd0e6]" name="verifyRestaurantListingOnSearchResultPageTest" duration-ms="24663" started-at="2019-01-10T09:55:05Z" finished-at="2019-01-10T09:55:29Z">
          <reporter-output>
          </reporter-output>
        </test-method> <!-- verifyRestaurantListingOnSearchResultPageTest -->
      </class> <!-- testSuite.RestaurantSearchTest -->
    </test> <!-- Default test -->
  </suite> <!-- Default suite -->
</testng-results>
